2023-11-28T02:32:49+00:00 DEBUG POST: https://ads.tiktok.com/marketing_api/api/developer/app/create_auto_approve/

{"business_platform":"PROD","smb_id":"tt4b_woocommerce_65655151c10d8httplocalhostcontrolhub2wp-admin","smb_name":"PROD","redirect_url":"http:\/\/localhost\/controlhub2\/wp-admin\/"}
 ajax: no
2023-11-28T02:32:50+00:00 DEBUG Tt4b_Mapi_Class::create_open_source_app: Response: 

HTTP/1.1 200 OK
Server: TLB
Content-Type: application/json
X-Tt-Logid: 20231128023250BD6844175355E701895D,20231128023250BD6844175355E701895D
Strict-Transport-Security: max-age=31536000; includeSubDomains
Server-Timing: inner; dur=40
x-tt-trace-host: 010c35cfca76ee376957a28d0e784f6ad8149e22c934e3b5f5a91cb9406647777c869ca1a78d6e9f4fd13e174e693151f8edc789cd205dc16c67d15f7bba2510f6c60c8490b179544a58e06355f949bde2edbd50f88d9568b9fca12ab17b8863d8
Content-Encoding: gzip
Date: Tue, 28 Nov 2023 02:32:51 GMT
Content-Length: 210
X-Cache: TCP_MISS from a113-171-10-151.deploy.akamaitechnologies.com (AkamaiGHost/11.3.2.1-52518411) (-)
Connection: close
Vary: Accept-Encoding
x-tt-trace-tag: id=16;cdn-cache=miss;type=dyn
Server-Timing: cdn-cache; desc=MISS, edge; dur=3, origin; dur=91
X-Origin-Response-Time: 91,113.171.10.151
X-Akamai-Request-ID: 1d5d6845

{"code":0,"msg":"ok","data":{"external_data_key":"e03f36b3-fc8f-4783-ac6d-8d392de1309d","app_id":"7306335389097164802","redirect_uri":"http:\/\/localhost\/controlhub2\/wp-admin\/","app_secret":"a5d860c26306e407754d1a7239ec008528f8ebe5"}}

2023-11-28T02:41:21+00:00 DEBUG Tt4b_Pixel_Class::inject_view_content_event: hit ViewContent
2023-11-28T02:41:21+00:00 DEBUG Tt4b_Pixel_Class::inject_view_content_event: Missing option "access_token"
2023-11-28T03:56:32+00:00 DEBUG POST: https://business-api.tiktok.com/tbp/v2.0/business_profile/disconnect?external_data=

{"business_platform":"WOO_COMMERCE","external_business_id":"tt4b_woocommerce_65655151c10d8"}
 ajax: no
2023-11-28T03:56:33+00:00 DEBUG Tt4b_Mapi_Class::tbp_post: Response: 

HTTP/1.1 200 OK
Server: TLB
Content-Type: application/json; charset=utf-8
Content-Length: 95
X-Api-Deprecation-Info: API for Business Version 1.3 is now live. To avoid disruption to your business, we recommend you migrate all calls to v1.3 as soon as possible. Please visit our migration guide for more details: https://ads.tiktok.com/marketing_api/docs?id=1740029169927169
X-Domain-Change-Info: We have moved to the new domain business-api.tiktok.com for API services after the Platform Upgrade on 09/30/2021. Please update all of your requests with the new domain if you haven't done so already. For more information, please visit https://ads.tiktok.com/marketing_api/docs?rid=esb88xalm6m&id=1709207085043713
X-Tt-Logid: 20231128035633957EEAFA6B5C83740BF7
x-tt-trace-host: 010c35cfca76ee376957a28d0e784f6ad80471c5d29d3e339427a494c2a5e96380d3edacb4fefd6e433725167652038bf13d1528a3e6ed237995b98a8622ba06c11cca0b3fc7d4a7d98f02e052e000011f70b8a6946f1c75c1263eed02081e6da6ce4b3cf56ea66bb1cc3b5aacc33b399d
X-Origin-Response-Time: 20,23.210.250.148
X-Akamai-Request-ID: 8330a37.77a64d0c
Expires: Tue, 28 Nov 2023 03:56:34 GMT
Cache-Control: max-age=0, no-cache, no-store
Pragma: no-cache
Date: Tue, 28 Nov 2023 03:56:34 GMT
X-Cache: TCP_MISS from a104-90-7-15.deploy.akamaitechnologies.com (AkamaiGHost/11.3.2-52183077) (-)
Connection: close
X-Cache-Remote: TCP_MISS from a23-210-250-148.deploy.akamaitechnologies.com (AkamaiGHost/11.3.2-52183077) (-)
x-tt-trace-tag: id=16;cdn-cache=miss;type=dyn
Server-Timing: cdn-cache; desc=MISS, edge; dur=39, origin; dur=20
Server-Timing: inner; dur=8
X-Parent-Response-Time: 56,104.90.7.15

{"code":40001,"message":"Permission denied.","request_id":"20231128035633957EEAFA6B5C83740BF7"}

2023-11-28T03:56:33+00:00 DEBUG POST: https://business-api.tiktok.com/tbp/v2.0/shop/connection/disconnect?external_data=

--- EMPTY STRING ---
 ajax: no
2023-11-28T03:56:34+00:00 DEBUG Tt4b_Mapi_Class::tts_shop_disconnect: Response: 

HTTP/1.1 200 OK
Server: TLB
Content-Type: application/json; charset=utf-8
Content-Length: 95
X-Api-Deprecation-Info: API for Business Version 1.3 is now live. To avoid disruption to your business, we recommend you migrate all calls to v1.3 as soon as possible. Please visit our migration guide for more details: https://ads.tiktok.com/marketing_api/docs?id=1740029169927169
X-Domain-Change-Info: We have moved to the new domain business-api.tiktok.com for API services after the Platform Upgrade on 09/30/2021. Please update all of your requests with the new domain if you haven't done so already. For more information, please visit https://ads.tiktok.com/marketing_api/docs?rid=esb88xalm6m&id=1709207085043713
X-Tt-Logid: 20231128035634BC8EC740A09F7A4DC85A
x-tt-trace-host: 010c35cfca76ee376957a28d0e784f6ad80471c5d29d3e339427a494c2a5e96380d3edacb4fefd6e433725167652038bf174f427ecba5124aaf822a56434232f9b32d7cdb0465669ff55e175d3d51be468f8c546a3210f80206dc8264e71c58390135abe1899ab02d8b6dc37dd710fb995
X-Origin-Response-Time: 31,23.210.250.148
X-Akamai-Request-ID: 833153a.77a6518d
Expires: Tue, 28 Nov 2023 03:56:35 GMT
Cache-Control: max-age=0, no-cache, no-store
Pragma: no-cache
Date: Tue, 28 Nov 2023 03:56:35 GMT
X-Cache: TCP_MISS from a104-90-7-15.deploy.akamaitechnologies.com (AkamaiGHost/11.3.2-52183077) (-)
Connection: close
X-Cache-Remote: TCP_MISS from a23-210-250-148.deploy.akamaitechnologies.com (AkamaiGHost/11.3.2-52183077) (-)
x-tt-trace-tag: id=16;cdn-cache=miss;type=dyn
Server-Timing: cdn-cache; desc=MISS, edge; dur=40, origin; dur=31
Server-Timing: inner; dur=11
X-Parent-Response-Time: 69,104.90.7.15

{"code":40001,"message":"Permission denied.","request_id":"20231128035634BC8EC740A09F7A4DC85A"}

